%このファイルは日本語文字を含みます.
\BOOKMARK [0][-]{chapter.1}{第1章 main\137pLaTeX.texの設定}{}% 1
\BOOKMARK [1][-]{section.1.1}{1.1 ここで使用するLaTeX}{chapter.1}% 2
\BOOKMARK [1][-]{section.1.2}{1.2 表紙の設定}{chapter.1}% 3
\BOOKMARK [1][-]{section.1.3}{1.3 ヘッダー・フッターの設定}{chapter.1}% 4
\BOOKMARK [1][-]{section.1.4}{1.4 フォントの指定}{chapter.1}% 5
\BOOKMARK [1][-]{section.1.5}{1.5 目次の設定について}{chapter.1}% 6
\BOOKMARK [2][-]{subsection.1.5.1}{1.5.1 表目次について}{section.1.5}% 7
\BOOKMARK [2][-]{subsection.1.5.2}{1.5.2 図目次について}{section.1.5}% 8
\BOOKMARK [1][-]{section.1.6}{1.6 その他各種設定について}{chapter.1}% 9
\BOOKMARK [0][-]{chapter.2}{第2章 参考文献について}{}% 10
\BOOKMARK [1][-]{section.2.1}{2.1 引用順にソート済みであることの確認}{chapter.2}% 11
\BOOKMARK [1][-]{section.2.2}{2.2 参考文献の設定}{chapter.2}% 12
\BOOKMARK [1][-]{section.2.3}{2.3 bibファイル編集の注意点}{chapter.2}% 13
\BOOKMARK [0][-]{section.2.3}{謝辞}{}% 14
\BOOKMARK [0][-]{section.2.3}{参考文献}{}% 15
\BOOKMARK [0][-]{appendix.A}{付録A LaTeXで図を用いるときのコツ}{}% 16
\BOOKMARK [0][-]{appendix.B}{付録B 日本語文献を用いる場合}{}% 17
\BOOKMARK [0][-]{appendix.C}{付録C Latexの環境導入について}{}% 18
\BOOKMARK [1][-]{section.C.1}{C.1 TeXLiveの導入}{appendix.C}% 19
